\BOOKMARK [1][-]{section.1}{Introduction}{}% 1
\BOOKMARK [2][-]{subsection.1.1}{Project Goals}{section.1}% 2
\BOOKMARK [1][-]{section.2}{The Robot}{}% 3
\BOOKMARK [2][-]{subsection.2.1}{KUKA LWR IV}{section.2}% 4
\BOOKMARK [2][-]{subsection.2.2}{Built-in Control Strategies}{section.2}% 5
\BOOKMARK [1][-]{section.3}{Software Environment}{}% 6
\BOOKMARK [2][-]{subsection.3.1}{Robot Software Development}{section.3}% 7
\BOOKMARK [3][-]{subsubsection.3.1.1}{How ROS Works}{subsection.3.1}% 8
\BOOKMARK [2][-]{subsection.3.2}{Simulation Environment}{section.3}% 9
\BOOKMARK [3][-]{subsubsection.3.2.1}{How Gazebo Works}{subsection.3.2}% 10
\BOOKMARK [2][-]{subsection.3.3}{Additional Tools}{section.3}% 11
\BOOKMARK [3][-]{subsubsection.3.3.1}{RViz}{subsection.3.3}% 12
\BOOKMARK [3][-]{subsubsection.3.3.2}{Kinematics and Dynamics Library \(KDL\)}{subsection.3.3}% 13
\BOOKMARK [1][-]{section.4}{Implemented Controllers}{}% 14
\BOOKMARK [2][-]{subsection.4.1}{Robot Control Problem Definition}{section.4}% 15
\BOOKMARK [3][-]{subsubsection.4.1.1}{Joint Space VS Operational Space Formulation}{subsection.4.1}% 16
\BOOKMARK [2][-]{subsection.4.2}{Computed Torque Control}{section.4}% 17
\BOOKMARK [2][-]{subsection.4.3}{Inverse Kinematics-based Control}{section.4}% 18
\BOOKMARK [3][-]{subsubsection.4.3.1}{Hierarchical Inverse Kinematics}{subsection.4.3}% 19
\BOOKMARK [2][-]{subsection.4.4}{Inverse Dynamics-based Control}{section.4}% 20
\BOOKMARK [3][-]{subsubsection.4.4.1}{Hierarchical Inverse Dynamics}{subsection.4.4}% 21
\BOOKMARK [3][-]{subsubsection.4.4.2}{Minimum Effort Control}{subsection.4.4}% 22
\BOOKMARK [2][-]{subsection.4.5}{Backstepping Control}{section.4}% 23
\BOOKMARK [2][-]{subsection.4.6}{Dynamic Sliding PID Control}{section.4}% 24
\BOOKMARK [1][-]{section.5}{Projecting Issues}{}% 25
\BOOKMARK [2][-]{subsection.5.1}{Adaptive Control}{section.5}% 26
\BOOKMARK [2][-]{subsection.5.2}{From Simulation to Real Robot}{section.5}% 27
\BOOKMARK [3][-]{subsubsection.5.2.1}{Sensors Measurements}{subsection.5.2}% 28
\BOOKMARK [3][-]{subsubsection.5.2.2}{Gravity Compensation}{subsection.5.2}% 29
\BOOKMARK [1][-]{section.6}{Conclusions and Future Works}{}% 30
