This is pdfTeX, Version 3.1415926-2.5-1.40.14 (TeX Live 2013/Debian) (format=pdflatex 2015.2.9)  9 FEB 2015 09:55
entering extended mode
 restricted \write18 enabled.
 %&-line parsing enabled.
**MS42.tex -recorder
(./MS42.tex
LaTeX2e <2011/06/27>
Babel <3.9h> and hyphenation patterns for 5 languages loaded.
(/usr/share/texmf/tex/latex/pacmanreport/pacmanreport.cls
Document Class: pacmanreport 2014/02/11 PACMAN ``report'' style

PACMANREPORT style, Jeremy L Wyatt Feb 2014, Geert-Jan M. Kruijff, July 2009
==============================================
(/usr/share/texlive/texmf-dist/tex/latex/graphics/epsfig.sty
Package: epsfig 1999/02/16 v1.7a (e)psfig emulation (SPQR)

(/usr/share/texlive/texmf-dist/tex/latex/graphics/graphicx.sty
Package: graphicx 1999/02/16 v1.0f Enhanced LaTeX Graphics (DPC,SPQR)

(/usr/share/texlive/texmf-dist/tex/latex/graphics/keyval.sty
Package: keyval 1999/03/16 v1.13 key=value parser (DPC)
\KV@toks@=\toks14
)
(/usr/share/texlive/texmf-dist/tex/latex/graphics/graphics.sty
Package: graphics 2009/02/05 v1.0o Standard LaTeX Graphics (DPC,SPQR)

(/usr/share/texlive/texmf-dist/tex/latex/graphics/trig.sty
Package: trig 1999/03/16 v1.09 sin cos tan (DPC)
)
(/usr/share/texlive/texmf-dist/tex/latex/latexconfig/graphics.cfg
File: graphics.cfg 2010/04/23 v1.9 graphics configuration of TeX Live
)
Package graphics Info: Driver file: pdftex.def on input line 91.

(/usr/share/texlive/texmf-dist/tex/latex/pdftex-def/pdftex.def
File: pdftex.def 2011/05/27 v0.06d Graphics/color for pdfTeX

(/usr/share/texlive/texmf-dist/tex/generic/oberdiek/infwarerr.sty
Package: infwarerr 2010/04/08 v1.3 Providing info/warning/error messages (HO)
)
(/usr/share/texlive/texmf-dist/tex/generic/oberdiek/ltxcmds.sty
Package: ltxcmds 2011/11/09 v1.22 LaTeX kernel commands for general use (HO)
)
\Gread@gobject=\count79
))
\Gin@req@height=\dimen102
\Gin@req@width=\dimen103
)
\epsfxsize=\dimen104
\epsfysize=\dimen105
)
(/usr/share/texlive/texmf-dist/tex/latex/tools/tabularx.sty
Package: tabularx 1999/01/07 v2.07 `tabularx' package (DPC)

(/usr/share/texlive/texmf-dist/tex/latex/tools/array.sty
Package: array 2008/09/09 v2.4c Tabular extension package (FMi)
\col@sep=\dimen106
\extrarowheight=\dimen107
\NC@list=\toks15
\extratabsurround=\skip41
\backup@length=\skip42
)
\TX@col@width=\dimen108
\TX@old@table=\dimen109
\TX@old@col=\dimen110
\TX@target=\dimen111
\TX@delta=\dimen112
\TX@cols=\count80
\TX@ftn=\toks16
)
(/usr/share/texlive/texmf-dist/tex/latex/psnfss/helvet.sty
Package: helvet 2005/04/12 PSNFSS-v9.2a (WaS) 
)
** PACMANREPORT: PDF mode on
(/usr/share/texlive/texmf-dist/tex/latex/base/article.cls
Document Class: article 2007/10/19 v1.4h Standard LaTeX document class
(/usr/share/texlive/texmf-dist/tex/latex/base/size11.clo
File: size11.clo 2007/10/19 v1.4h Standard LaTeX file (size option)
)
\c@part=\count81
\c@section=\count82
\c@subsection=\count83
\c@subsubsection=\count84
\c@paragraph=\count85
\c@subparagraph=\count86
\c@figure=\count87
\c@table=\count88
\abovecaptionskip=\skip43
\belowcaptionskip=\skip44
\bibindent=\dimen113
))
(/usr/share/texlive/texmf-dist/tex/latex/hyperref/hyperref.sty
Package: hyperref 2012/11/06 v6.83m Hypertext links for LaTeX

(/usr/share/texlive/texmf-dist/tex/generic/oberdiek/hobsub-hyperref.sty
Package: hobsub-hyperref 2012/05/28 v1.13 Bundle oberdiek, subset hyperref (HO)


(/usr/share/texlive/texmf-dist/tex/generic/oberdiek/hobsub-generic.sty
Package: hobsub-generic 2012/05/28 v1.13 Bundle oberdiek, subset generic (HO)
Package: hobsub 2012/05/28 v1.13 Construct package bundles (HO)
Package hobsub Info: Skipping package `infwarerr' (already loaded).
Package hobsub Info: Skipping package `ltxcmds' (already loaded).
Package: ifluatex 2010/03/01 v1.3 Provides the ifluatex switch (HO)
Package ifluatex Info: LuaTeX not detected.
Package: ifvtex 2010/03/01 v1.5 Detect VTeX and its facilities (HO)
Package ifvtex Info: VTeX not detected.
Package: intcalc 2007/09/27 v1.1 Expandable calculations with integers (HO)
Package: ifpdf 2011/01/30 v2.3 Provides the ifpdf switch (HO)
Package ifpdf Info: pdfTeX in PDF mode is detected.
Package: etexcmds 2011/02/16 v1.5 Avoid name clashes with e-TeX commands (HO)
Package etexcmds Info: Could not find \expanded.
(etexcmds)             That can mean that you are not using pdfTeX 1.50 or
(etexcmds)             that some package has redefined \expanded.
(etexcmds)             In the latter case, load this package earlier.
Package: kvsetkeys 2012/04/25 v1.16 Key value parser (HO)
Package: kvdefinekeys 2011/04/07 v1.3 Define keys (HO)
Package: pdftexcmds 2011/11/29 v0.20 Utility functions of pdfTeX for LuaTeX (HO
)
Package pdftexcmds Info: LuaTeX not detected.
Package pdftexcmds Info: \pdf@primitive is available.
Package pdftexcmds Info: \pdf@ifprimitive is available.
Package pdftexcmds Info: \pdfdraftmode found.
Package: pdfescape 2011/11/25 v1.13 Implements pdfTeX's escape features (HO)
Package: bigintcalc 2012/04/08 v1.3 Expandable calculations on big integers (HO
)
Package: bitset 2011/01/30 v1.1 Handle bit-vector datatype (HO)
Package: uniquecounter 2011/01/30 v1.2 Provide unlimited unique counter (HO)
)
Package hobsub Info: Skipping package `hobsub' (already loaded).
Package: letltxmacro 2010/09/02 v1.4 Let assignment for LaTeX macros (HO)
Package: hopatch 2012/05/28 v1.2 Wrapper for package hooks (HO)
Package: xcolor-patch 2011/01/30 xcolor patch
Package: atveryend 2011/06/30 v1.8 Hooks at the very end of document (HO)
Package atveryend Info: \enddocument detected (standard20110627).
Package: atbegshi 2011/10/05 v1.16 At begin shipout hook (HO)
Package: refcount 2011/10/16 v3.4 Data extraction from label references (HO)
Package: hycolor 2011/01/30 v1.7 Color options for hyperref/bookmark (HO)
)
(/usr/share/texlive/texmf-dist/tex/generic/ifxetex/ifxetex.sty
Package: ifxetex 2010/09/12 v0.6 Provides ifxetex conditional
)
(/usr/share/texlive/texmf-dist/tex/latex/oberdiek/auxhook.sty
Package: auxhook 2011/03/04 v1.3 Hooks for auxiliary files (HO)
)
(/usr/share/texlive/texmf-dist/tex/latex/oberdiek/kvoptions.sty
Package: kvoptions 2011/06/30 v3.11 Key value format for package options (HO)
)
\@linkdim=\dimen114
\Hy@linkcounter=\count89
\Hy@pagecounter=\count90

(/usr/share/texlive/texmf-dist/tex/latex/hyperref/pd1enc.def
File: pd1enc.def 2012/11/06 v6.83m Hyperref: PDFDocEncoding definition (HO)
)
\Hy@SavedSpaceFactor=\count91

(/usr/share/texlive/texmf-dist/tex/latex/latexconfig/hyperref.cfg
File: hyperref.cfg 2002/06/06 v1.2 hyperref configuration of TeXLive
)
Package hyperref Info: Hyper figures OFF on input line 4443.
Package hyperref Info: Link nesting OFF on input line 4448.
Package hyperref Info: Hyper index ON on input line 4451.
Package hyperref Info: Plain pages OFF on input line 4458.
Package hyperref Info: Backreferencing OFF on input line 4463.
Package hyperref Info: Implicit mode ON; LaTeX internals redefined.
Package hyperref Info: Bookmarks ON on input line 4688.
\c@Hy@tempcnt=\count92

(/usr/share/texlive/texmf-dist/tex/latex/url/url.sty
\Urlmuskip=\muskip10
Package: url 2013/09/16  ver 3.4  Verb mode for urls, etc.
)
LaTeX Info: Redefining \url on input line 5041.
\XeTeXLinkMargin=\dimen115
\Fld@menulength=\count93
\Field@Width=\dimen116
\Fld@charsize=\dimen117
Package hyperref Info: Hyper figures OFF on input line 6295.
Package hyperref Info: Link nesting OFF on input line 6300.
Package hyperref Info: Hyper index ON on input line 6303.
Package hyperref Info: backreferencing OFF on input line 6310.
Package hyperref Info: Link coloring OFF on input line 6315.
Package hyperref Info: Link coloring with OCG OFF on input line 6320.
Package hyperref Info: PDF/A mode OFF on input line 6325.
LaTeX Info: Redefining \ref on input line 6365.
LaTeX Info: Redefining \pageref on input line 6369.
\Hy@abspage=\count94
\c@Item=\count95
\c@Hfootnote=\count96
)

Package hyperref Message: Driver (autodetected): hpdftex.

(/usr/share/texlive/texmf-dist/tex/latex/hyperref/hpdftex.def
File: hpdftex.def 2012/11/06 v6.83m Hyperref driver for pdfTeX
\Fld@listcount=\count97
\c@bookmark@seq@number=\count98

(/usr/share/texlive/texmf-dist/tex/latex/oberdiek/rerunfilecheck.sty
Package: rerunfilecheck 2011/04/15 v1.7 Rerun checks for auxiliary files (HO)
Package uniquecounter Info: New unique counter `rerunfilecheck' on input line 2
82.
)
\Hy@SectionHShift=\skip45
)
(/usr/share/texlive/texmf-dist/tex/latex/amsfonts/amssymb.sty
Package: amssymb 2013/01/14 v3.01 AMS font symbols

(/usr/share/texlive/texmf-dist/tex/latex/amsfonts/amsfonts.sty
Package: amsfonts 2013/01/14 v3.01 Basic AMSFonts support
\@emptytoks=\toks17
\symAMSa=\mathgroup4
\symAMSb=\mathgroup5
LaTeX Font Info:    Overwriting math alphabet `\mathfrak' in version `bold'
(Font)                  U/euf/m/n --> U/euf/b/n on input line 106.
))
(/usr/share/texmf/tex/latex/pgf/frontendlayer/tikz.sty
(/usr/share/texmf/tex/latex/pgf/basiclayer/pgf.sty
(/usr/share/texmf/tex/latex/pgf/utilities/pgfrcs.sty
(/usr/share/texmf/tex/generic/pgf/utilities/pgfutil-common.tex
\pgfutil@everybye=\toks18
)
(/usr/share/texmf/tex/generic/pgf/utilities/pgfutil-latex.def
\pgfutil@abb=\box26

(/usr/share/texlive/texmf-dist/tex/latex/ms/everyshi.sty
Package: everyshi 2001/05/15 v3.00 EveryShipout Package (MS)
))
(/usr/share/texmf/tex/generic/pgf/utilities/pgfrcs.code.tex
Package: pgfrcs 2010/10/25 v2.10 (rcs-revision 1.24)
))
Package: pgf 2008/01/15 v2.10 (rcs-revision 1.12)

(/usr/share/texmf/tex/latex/pgf/basiclayer/pgfcore.sty
(/usr/share/texmf/tex/latex/pgf/systemlayer/pgfsys.sty
(/usr/share/texmf/tex/generic/pgf/systemlayer/pgfsys.code.tex
Package: pgfsys 2010/06/30 v2.10 (rcs-revision 1.37)

(/usr/share/texmf/tex/generic/pgf/utilities/pgfkeys.code.tex
\pgfkeys@pathtoks=\toks19
\pgfkeys@temptoks=\toks20

(/usr/share/texmf/tex/generic/pgf/utilities/pgfkeysfiltered.code.tex
\pgfkeys@tmptoks=\toks21
))
\pgf@x=\dimen118
\pgf@y=\dimen119
\pgf@xa=\dimen120
\pgf@ya=\dimen121
\pgf@xb=\dimen122
\pgf@yb=\dimen123
\pgf@xc=\dimen124
\pgf@yc=\dimen125
\w@pgf@writea=\write3
\r@pgf@reada=\read1
\c@pgf@counta=\count99
\c@pgf@countb=\count100
\c@pgf@countc=\count101
\c@pgf@countd=\count102

(/usr/share/texmf/tex/generic/pgf/systemlayer/pgf.cfg
File: pgf.cfg 2008/05/14  (rcs-revision 1.7)
)
Package pgfsys Info: Driver file for pgf: pgfsys-pdftex.def on input line 900.

(/usr/share/texmf/tex/generic/pgf/systemlayer/pgfsys-pdftex.def
File: pgfsys-pdftex.def 2009/05/22  (rcs-revision 1.26)

(/usr/share/texmf/tex/generic/pgf/systemlayer/pgfsys-common-pdf.def
File: pgfsys-common-pdf.def 2008/05/19  (rcs-revision 1.10)
)))
(/usr/share/texmf/tex/generic/pgf/systemlayer/pgfsyssoftpath.code.tex
File: pgfsyssoftpath.code.tex 2008/07/18  (rcs-revision 1.7)
\pgfsyssoftpath@smallbuffer@items=\count103
\pgfsyssoftpath@bigbuffer@items=\count104
)
(/usr/share/texmf/tex/generic/pgf/systemlayer/pgfsysprotocol.code.tex
File: pgfsysprotocol.code.tex 2006/10/16  (rcs-revision 1.4)
))
(/usr/share/texmf/tex/latex/xcolor/xcolor.sty
Package: xcolor 2007/01/21 v2.11 LaTeX color extensions (UK)

(/usr/share/texlive/texmf-dist/tex/latex/latexconfig/color.cfg
File: color.cfg 2007/01/18 v1.5 color configuration of teTeX/TeXLive
)
Package xcolor Info: Driver file: pdftex.def on input line 225.
Package xcolor Info: Model `cmy' substituted by `cmy0' on input line 1337.
Package xcolor Info: Model `hsb' substituted by `rgb' on input line 1341.
Package xcolor Info: Model `RGB' extended on input line 1353.
Package xcolor Info: Model `HTML' substituted by `rgb' on input line 1355.
Package xcolor Info: Model `Hsb' substituted by `hsb' on input line 1356.
Package xcolor Info: Model `tHsb' substituted by `hsb' on input line 1357.
Package xcolor Info: Model `HSB' substituted by `hsb' on input line 1358.
Package xcolor Info: Model `Gray' substituted by `gray' on input line 1359.
Package xcolor Info: Model `wave' substituted by `hsb' on input line 1360.
)
(/usr/share/texmf/tex/generic/pgf/basiclayer/pgfcore.code.tex
Package: pgfcore 2010/04/11 v2.10 (rcs-revision 1.7)

(/usr/share/texmf/tex/generic/pgf/math/pgfmath.code.tex
(/usr/share/texmf/tex/generic/pgf/math/pgfmathcalc.code.tex
(/usr/share/texmf/tex/generic/pgf/math/pgfmathutil.code.tex)
(/usr/share/texmf/tex/generic/pgf/math/pgfmathparser.code.tex
\pgfmath@dimen=\dimen126
\pgfmath@count=\count105
\pgfmath@box=\box27
\pgfmath@toks=\toks22
\pgfmath@stack@operand=\toks23
\pgfmath@stack@operation=\toks24
)
(/usr/share/texmf/tex/generic/pgf/math/pgfmathfunctions.code.tex
(/usr/share/texmf/tex/generic/pgf/math/pgfmathfunctions.basic.code.tex)
(/usr/share/texmf/tex/generic/pgf/math/pgfmathfunctions.trigonometric.code.tex)
(/usr/share/texmf/tex/generic/pgf/math/pgfmathfunctions.random.code.tex)
(/usr/share/texmf/tex/generic/pgf/math/pgfmathfunctions.comparison.code.tex)
(/usr/share/texmf/tex/generic/pgf/math/pgfmathfunctions.base.code.tex)
(/usr/share/texmf/tex/generic/pgf/math/pgfmathfunctions.round.code.tex)
(/usr/share/texmf/tex/generic/pgf/math/pgfmathfunctions.misc.code.tex)))
(/usr/share/texmf/tex/generic/pgf/math/pgfmathfloat.code.tex
\c@pgfmathroundto@lastzeros=\count106
))
(/usr/share/texmf/tex/generic/pgf/basiclayer/pgfcorepoints.code.tex
File: pgfcorepoints.code.tex 2010/04/09  (rcs-revision 1.20)
\pgf@picminx=\dimen127
\pgf@picmaxx=\dimen128
\pgf@picminy=\dimen129
\pgf@picmaxy=\dimen130
\pgf@pathminx=\dimen131
\pgf@pathmaxx=\dimen132
\pgf@pathminy=\dimen133
\pgf@pathmaxy=\dimen134
\pgf@xx=\dimen135
\pgf@xy=\dimen136
\pgf@yx=\dimen137
\pgf@yy=\dimen138
\pgf@zx=\dimen139
\pgf@zy=\dimen140
)
(/usr/share/texmf/tex/generic/pgf/basiclayer/pgfcorepathconstruct.code.tex
File: pgfcorepathconstruct.code.tex 2010/08/03  (rcs-revision 1.24)
\pgf@path@lastx=\dimen141
\pgf@path@lasty=\dimen142
)
(/usr/share/texmf/tex/generic/pgf/basiclayer/pgfcorepathusage.code.tex
File: pgfcorepathusage.code.tex 2008/04/22  (rcs-revision 1.12)
\pgf@shorten@end@additional=\dimen143
\pgf@shorten@start@additional=\dimen144
)
(/usr/share/texmf/tex/generic/pgf/basiclayer/pgfcorescopes.code.tex
File: pgfcorescopes.code.tex 2010/09/08  (rcs-revision 1.34)
\pgfpic=\box28
\pgf@hbox=\box29
\pgf@layerbox@main=\box30
\pgf@picture@serial@count=\count107
)
(/usr/share/texmf/tex/generic/pgf/basiclayer/pgfcoregraphicstate.code.tex
File: pgfcoregraphicstate.code.tex 2008/04/22  (rcs-revision 1.9)
\pgflinewidth=\dimen145
)
(/usr/share/texmf/tex/generic/pgf/basiclayer/pgfcoretransformations.code.tex
File: pgfcoretransformations.code.tex 2009/06/10  (rcs-revision 1.11)
\pgf@pt@x=\dimen146
\pgf@pt@y=\dimen147
\pgf@pt@temp=\dimen148
)
(/usr/share/texmf/tex/generic/pgf/basiclayer/pgfcorequick.code.tex
File: pgfcorequick.code.tex 2008/10/09  (rcs-revision 1.3)
)
(/usr/share/texmf/tex/generic/pgf/basiclayer/pgfcoreobjects.code.tex
File: pgfcoreobjects.code.tex 2006/10/11  (rcs-revision 1.2)
)
(/usr/share/texmf/tex/generic/pgf/basiclayer/pgfcorepathprocessing.code.tex
File: pgfcorepathprocessing.code.tex 2008/10/09  (rcs-revision 1.8)
)
(/usr/share/texmf/tex/generic/pgf/basiclayer/pgfcorearrows.code.tex
File: pgfcorearrows.code.tex 2008/04/23  (rcs-revision 1.11)
)
(/usr/share/texmf/tex/generic/pgf/basiclayer/pgfcoreshade.code.tex
File: pgfcoreshade.code.tex 2008/11/23  (rcs-revision 1.13)
\pgf@max=\dimen149
\pgf@sys@shading@range@num=\count108
)
(/usr/share/texmf/tex/generic/pgf/basiclayer/pgfcoreimage.code.tex
File: pgfcoreimage.code.tex 2010/03/25  (rcs-revision 1.16)

(/usr/share/texmf/tex/generic/pgf/basiclayer/pgfcoreexternal.code.tex
File: pgfcoreexternal.code.tex 2010/09/01  (rcs-revision 1.17)
\pgfexternal@startupbox=\box31
))
(/usr/share/texmf/tex/generic/pgf/basiclayer/pgfcorelayers.code.tex
File: pgfcorelayers.code.tex 2010/08/27  (rcs-revision 1.2)
)
(/usr/share/texmf/tex/generic/pgf/basiclayer/pgfcoretransparency.code.tex
File: pgfcoretransparency.code.tex 2008/01/17  (rcs-revision 1.2)
)
(/usr/share/texmf/tex/generic/pgf/basiclayer/pgfcorepatterns.code.tex
File: pgfcorepatterns.code.tex 2009/07/02  (rcs-revision 1.3)
)))
(/usr/share/texmf/tex/generic/pgf/modules/pgfmoduleshapes.code.tex
File: pgfmoduleshapes.code.tex 2010/09/09  (rcs-revision 1.13)
\pgfnodeparttextbox=\box32
)
(/usr/share/texmf/tex/generic/pgf/modules/pgfmoduleplot.code.tex
File: pgfmoduleplot.code.tex 2010/10/22  (rcs-revision 1.8)
)
(/usr/share/texmf/tex/latex/pgf/compatibility/pgfcomp-version-0-65.sty
Package: pgfcomp-version-0-65 2007/07/03 v2.10 (rcs-revision 1.7)
\pgf@nodesepstart=\dimen150
\pgf@nodesepend=\dimen151
)
(/usr/share/texmf/tex/latex/pgf/compatibility/pgfcomp-version-1-18.sty
Package: pgfcomp-version-1-18 2007/07/23 v2.10 (rcs-revision 1.1)
))
(/usr/share/texmf/tex/latex/pgf/utilities/pgffor.sty
(/usr/share/texmf/tex/latex/pgf/utilities/pgfkeys.sty
(/usr/share/texmf/tex/generic/pgf/utilities/pgfkeys.code.tex))
(/usr/share/texmf/tex/generic/pgf/utilities/pgffor.code.tex
Package: pgffor 2010/03/23 v2.10 (rcs-revision 1.18)
\pgffor@iter=\dimen152
\pgffor@skip=\dimen153
\pgffor@stack=\toks25
\pgffor@toks=\toks26
))
(/usr/share/texmf/tex/generic/pgf/frontendlayer/tikz/tikz.code.tex
Package: tikz 2010/10/13 v2.10 (rcs-revision 1.76)

(/usr/share/texmf/tex/generic/pgf/libraries/pgflibraryplothandlers.code.tex
File: pgflibraryplothandlers.code.tex 2010/05/31 v2.10 (rcs-revision 1.15)
\pgf@plot@mark@count=\count109
\pgfplotmarksize=\dimen154
)
\tikz@lastx=\dimen155
\tikz@lasty=\dimen156
\tikz@lastxsaved=\dimen157
\tikz@lastysaved=\dimen158
\tikzleveldistance=\dimen159
\tikzsiblingdistance=\dimen160
\tikz@figbox=\box33
\tikz@tempbox=\box34
\tikztreelevel=\count110
\tikznumberofchildren=\count111
\tikznumberofcurrentchild=\count112
\tikz@fig@count=\count113

(/usr/share/texmf/tex/generic/pgf/modules/pgfmodulematrix.code.tex
File: pgfmodulematrix.code.tex 2010/08/24  (rcs-revision 1.4)
\pgfmatrixcurrentrow=\count114
\pgfmatrixcurrentcolumn=\count115
\pgf@matrix@numberofcolumns=\count116
)
\tikz@expandcount=\count117

(/usr/share/texmf/tex/generic/pgf/frontendlayer/tikz/libraries/tikzlibrarytopat
hs.code.tex
File: tikzlibrarytopaths.code.tex 2008/06/17 v2.10 (rcs-revision 1.2)
)))
(/usr/share/texmf/tex/generic/pgf/frontendlayer/tikz/libraries/tikzlibraryshape
s.code.tex
File: tikzlibraryshapes.code.tex 2008/01/09 v2.10 (rcs-revision 1.1)

(/usr/share/texmf/tex/generic/pgf/frontendlayer/tikz/libraries/tikzlibraryshape
s.geometric.code.tex
File: tikzlibraryshapes.geometric.code.tex 2008/01/09 v2.10 (rcs-revision 1.1)

(/usr/share/texmf/tex/generic/pgf/libraries/shapes/pgflibraryshapes.geometric.c
ode.tex
File: pgflibraryshapes.geometric.code.tex 2008/06/26 v2.10 (rcs-revision 1.1)
))
(/usr/share/texmf/tex/generic/pgf/frontendlayer/tikz/libraries/tikzlibraryshape
s.misc.code.tex
File: tikzlibraryshapes.misc.code.tex 2008/01/09 v2.10 (rcs-revision 1.1)

(/usr/share/texmf/tex/generic/pgf/libraries/shapes/pgflibraryshapes.misc.code.t
ex
File: pgflibraryshapes.misc.code.tex 2008/10/07 v2.10 (rcs-revision 1.3)
))
(/usr/share/texmf/tex/generic/pgf/frontendlayer/tikz/libraries/tikzlibraryshape
s.symbols.code.tex
File: tikzlibraryshapes.symbols.code.tex 2008/01/09 v2.10 (rcs-revision 1.1)

(/usr/share/texmf/tex/generic/pgf/libraries/shapes/pgflibraryshapes.symbols.cod
e.tex
File: pgflibraryshapes.symbols.code.tex 2009/10/27 v2.10 (rcs-revision 1.3)
))
(/usr/share/texmf/tex/generic/pgf/frontendlayer/tikz/libraries/tikzlibraryshape
s.arrows.code.tex
File: tikzlibraryshapes.arrows.code.tex 2008/01/09 v2.10 (rcs-revision 1.1)

(/usr/share/texmf/tex/generic/pgf/libraries/shapes/pgflibraryshapes.arrows.code
.tex
File: pgflibraryshapes.arrows.code.tex 2008/06/26 v2.10 (rcs-revision 1.1)
))
(/usr/share/texmf/tex/generic/pgf/frontendlayer/tikz/libraries/tikzlibraryshape
s.callouts.code.tex
(/usr/share/texmf/tex/generic/pgf/libraries/shapes/pgflibraryshapes.callouts.co
de.tex))
(/usr/share/texmf/tex/generic/pgf/frontendlayer/tikz/libraries/tikzlibraryshape
s.multipart.code.tex
File: tikzlibraryshapes.multipart.code.tex 2008/01/09 v2.10 (rcs-revision 1.1)

(/usr/share/texmf/tex/generic/pgf/libraries/shapes/pgflibraryshapes.multipart.c
ode.tex
File: pgflibraryshapes.multipart.code.tex 2010/01/07 v2.10 (rcs-revision 1.2)
\pgfnodepartlowerbox=\box35
\pgfnodeparttwobox=\box36
\pgfnodepartthreebox=\box37
\pgfnodepartfourbox=\box38
\pgfnodeparttwentybox=\box39
\pgfnodepartnineteenbox=\box40
\pgfnodeparteighteenbox=\box41
\pgfnodepartseventeenbox=\box42
\pgfnodepartsixteenbox=\box43
\pgfnodepartfifteenbox=\box44
\pgfnodepartfourteenbox=\box45
\pgfnodepartthirteenbox=\box46
\pgfnodeparttwelvebox=\box47
\pgfnodepartelevenbox=\box48
\pgfnodeparttenbox=\box49
\pgfnodepartninebox=\box50
\pgfnodeparteightbox=\box51
\pgfnodepartsevenbox=\box52
\pgfnodepartsixbox=\box53
\pgfnodepartfivebox=\box54
)))
(/usr/share/texmf/tex/generic/pgf/frontendlayer/tikz/libraries/tikzlibraryarrow
s.code.tex
File: tikzlibraryarrows.code.tex 2008/01/09 v2.10 (rcs-revision 1.1)

(/usr/share/texmf/tex/generic/pgf/libraries/pgflibraryarrows.code.tex
File: pgflibraryarrows.code.tex 2008/10/27 v2.10 (rcs-revision 1.9)
\arrowsize=\dimen161
))
(/usr/share/texlive/texmf-dist/tex/latex/mh/mathtools.sty
Package: mathtools 2013/02/12 v1.13 mathematical typesetting tools

(/usr/share/texlive/texmf-dist/tex/latex/tools/calc.sty
Package: calc 2007/08/22 v4.3 Infix arithmetic (KKT,FJ)
\calc@Acount=\count118
\calc@Bcount=\count119
\calc@Adimen=\dimen162
\calc@Bdimen=\dimen163
\calc@Askip=\skip46
\calc@Bskip=\skip47
LaTeX Info: Redefining \setlength on input line 76.
LaTeX Info: Redefining \addtolength on input line 77.
\calc@Ccount=\count120
\calc@Cskip=\skip48
)
(/usr/share/texlive/texmf-dist/tex/latex/mh/mhsetup.sty
Package: mhsetup 2010/01/21 v1.2a programming setup (MH)
)
(/usr/share/texlive/texmf-dist/tex/latex/amsmath/amsmath.sty
Package: amsmath 2013/01/14 v2.14 AMS math features
\@mathmargin=\skip49

For additional information on amsmath, use the `?' option.
(/usr/share/texlive/texmf-dist/tex/latex/amsmath/amstext.sty
Package: amstext 2000/06/29 v2.01

(/usr/share/texlive/texmf-dist/tex/latex/amsmath/amsgen.sty
File: amsgen.sty 1999/11/30 v2.0
\@emptytoks=\toks27
\ex@=\dimen164
))
(/usr/share/texlive/texmf-dist/tex/latex/amsmath/amsbsy.sty
Package: amsbsy 1999/11/29 v1.2d
\pmbraise@=\dimen165
)
(/usr/share/texlive/texmf-dist/tex/latex/amsmath/amsopn.sty
Package: amsopn 1999/12/14 v2.01 operator names
)
\inf@bad=\count121
LaTeX Info: Redefining \frac on input line 210.
\uproot@=\count122
\leftroot@=\count123
LaTeX Info: Redefining \overline on input line 306.
\classnum@=\count124
\DOTSCASE@=\count125
LaTeX Info: Redefining \ldots on input line 378.
LaTeX Info: Redefining \dots on input line 381.
LaTeX Info: Redefining \cdots on input line 466.
\Mathstrutbox@=\box55
\strutbox@=\box56
\big@size=\dimen166
LaTeX Font Info:    Redeclaring font encoding OML on input line 566.
LaTeX Font Info:    Redeclaring font encoding OMS on input line 567.
\macc@depth=\count126
\c@MaxMatrixCols=\count127
\dotsspace@=\muskip11
\c@parentequation=\count128
\dspbrk@lvl=\count129
\tag@help=\toks28
\row@=\count130
\column@=\count131
\maxfields@=\count132
\andhelp@=\toks29
\eqnshift@=\dimen167
\alignsep@=\dimen168
\tagshift@=\dimen169
\tagwidth@=\dimen170
\totwidth@=\dimen171
\lineht@=\dimen172
\@envbody=\toks30
\multlinegap=\skip50
\multlinetaggap=\skip51
\mathdisplay@stack=\toks31
LaTeX Info: Redefining \[ on input line 2665.
LaTeX Info: Redefining \] on input line 2666.
)
LaTeX Info: Thecontrolsequence`\['isalreadyrobust on input line 129.
LaTeX Info: Thecontrolsequence`\]'isalreadyrobust on input line 129.
\g_MT_multlinerow_int=\count133
\l_MT_multwidth_dim=\dimen173
\origjot=\skip52
\l_MT_shortvdotswithinadjustabove_dim=\dimen174
\l_MT_shortvdotswithinadjustbelow_dim=\dimen175
\l_MT_above_intertext_sep=\dimen176
\l_MT_below_intertext_sep=\dimen177
\l_MT_above_shortintertext_sep=\dimen178
\l_MT_below_shortintertext_sep=\dimen179
)
(/usr/share/texlive/texmf-dist/tex/latex/float/float.sty
Package: float 2001/11/08 v1.3d Float enhancements (AL)
\c@float@type=\count134
\float@exts=\toks32
\float@box=\box57
\@float@everytoks=\toks33
\@floatcapt=\box58
)
(/usr/share/texlive/texmf-dist/tex/latex/caption/subcaption.sty
Package: subcaption 2013/02/03 v1.1-62 Sub-captions (AR)

(/usr/share/texlive/texmf-dist/tex/latex/caption/caption.sty
Package: caption 2013/05/02 v3.3-89 Customizing captions (AR)

(/usr/share/texlive/texmf-dist/tex/latex/caption/caption3.sty
Package: caption3 2013/05/02 v1.6-88 caption3 kernel (AR)
Package caption3 Info: TeX engine: e-TeX on input line 57.
\captionmargin=\dimen180
\captionmargin@=\dimen181
\captionwidth=\dimen182
\caption@tempdima=\dimen183
\caption@indent=\dimen184
\caption@parindent=\dimen185
\caption@hangindent=\dimen186
)
\c@ContinuedFloat=\count135
Package caption Info: float package is loaded.
Package caption Info: hyperref package is loaded.
)
\c@subfigure=\count136
\c@subtable=\count137
) (./MS42.aux)
\openout1 = `MS42.aux'.

LaTeX Font Info:    Checking defaults for OML/cmm/m/it on input line 64.
LaTeX Font Info:    ... okay on input line 64.
LaTeX Font Info:    Checking defaults for T1/cmr/m/n on input line 64.
LaTeX Font Info:    ... okay on input line 64.
LaTeX Font Info:    Checking defaults for OT1/cmr/m/n on input line 64.
LaTeX Font Info:    ... okay on input line 64.
LaTeX Font Info:    Checking defaults for OMS/cmsy/m/n on input line 64.
LaTeX Font Info:    ... okay on input line 64.
LaTeX Font Info:    Checking defaults for OMX/cmex/m/n on input line 64.
LaTeX Font Info:    ... okay on input line 64.
LaTeX Font Info:    Checking defaults for U/cmr/m/n on input line 64.
LaTeX Font Info:    ... okay on input line 64.
LaTeX Font Info:    Checking defaults for PD1/pdf/m/n on input line 64.
LaTeX Font Info:    ... okay on input line 64.

(/usr/share/texlive/texmf-dist/tex/context/base/supp-pdf.mkii
[Loading MPS to PDF converter (version 2006.09.02).]
\scratchcounter=\count138
\scratchdimen=\dimen187
\scratchbox=\box59
\nofMPsegments=\count139
\nofMParguments=\count140
\everyMPshowfont=\toks34
\MPscratchCnt=\count141
\MPscratchDim=\dimen188
\MPnumerator=\count142
\makeMPintoPDFobject=\count143
\everyMPtoPDFconversion=\toks35
) (/usr/share/texlive/texmf-dist/tex/latex/oberdiek/epstopdf-base.sty
Package: epstopdf-base 2010/02/09 v2.5 Base part for package epstopdf

(/usr/share/texlive/texmf-dist/tex/latex/oberdiek/grfext.sty
Package: grfext 2010/08/19 v1.1 Manage graphics extensions (HO)
)
Package grfext Info: Graphics extension search list:
(grfext)             [.png,.pdf,.jpg,.mps,.jpeg,.jbig2,.jb2,.PNG,.PDF,.JPG,.JPE
G,.JBIG2,.JB2,.eps]
(grfext)             \AppendGraphicsExtensions on input line 452.

(/usr/share/texlive/texmf-dist/tex/latex/latexconfig/epstopdf-sys.cfg
File: epstopdf-sys.cfg 2010/07/13 v1.3 Configuration of (r)epstopdf for TeX Liv
e
))
\AtBeginShipoutBox=\box60
Package hyperref Info: Link coloring OFF on input line 64.

(/usr/share/texlive/texmf-dist/tex/latex/hyperref/nameref.sty
Package: nameref 2012/10/27 v2.43 Cross-referencing by name of section

(/usr/share/texlive/texmf-dist/tex/generic/oberdiek/gettitlestring.sty
Package: gettitlestring 2010/12/03 v1.4 Cleanup title references (HO)
)
\c@section@level=\count144
)
LaTeX Info: Redefining \ref on input line 64.
LaTeX Info: Redefining \pageref on input line 64.
LaTeX Info: Redefining \nameref on input line 64.

(./MS42.out) (./MS42.out)
\@outlinefile=\write4
\openout4 = `MS42.out'.

 ABD: EveryShipout initializing macros
Package caption Info: Begin \AtBeginDocument code.
Package caption Info: End \AtBeginDocument code.
LaTeX Font Info:    Try loading font information for U+msa on input line 67.

(/usr/share/texlive/texmf-dist/tex/latex/amsfonts/umsa.fd
File: umsa.fd 2013/01/14 v3.01 AMS symbols A
)
LaTeX Font Info:    Try loading font information for U+msb on input line 67.

(/usr/share/texlive/texmf-dist/tex/latex/amsfonts/umsb.fd
File: umsb.fd 2013/01/14 v3.01 AMS symbols B
)
<../shared_images/pacmanlogo.png, id=127, 43.065pt x 60.39pt>
File: ../shared_images/pacmanlogo.png Graphic file (type png)

<use ../shared_images/pacmanlogo.png>
Package pdftex.def Info: ../shared_images/pacmanlogo.png used on input line 67.

(pdftex.def)             Requested size: 57.05559pt x 80.0pt.
LaTeX Font Info:    Try loading font information for OT1+phv on input line 67.

(/usr/share/texlive/texmf-dist/tex/latex/psnfss/ot1phv.fd
File: ot1phv.fd 2001/06/04 scalable font definitions for OT1/phv.
)
LaTeX Font Info:    Font shape `OT1/phv/m/n' will be
(Font)              scaled to size 10.07397pt on input line 67.
LaTeX Font Info:    Font shape `OT1/phv/m/n' will be
(Font)              scaled to size 9.19998pt on input line 67.
LaTeX Font Info:    Font shape `OT1/phv/m/n' will be
(Font)              scaled to size 8.27998pt on input line 67.
 (./MS42.toc [1

{/var/lib/texmf/fonts/map/pdftex/updmap/pdftex.map} <../shared_images/pacmanlog
o.png>])
\tf@toc=\write5
\openout5 = `MS42.toc'.


Overfull \hbox (2.43333pt too wide) has occurred while \output is active
[] 
 []

[2] (./intro.tex
Overfull \hbox (2.43333pt too wide) has occurred while \output is active
[] 
 []

[3]) (./kuka.tex

LaTeX Warning: Citation `webkuka' on page 4 undefined on input line 5.

<images/kuka.png, id=187, 432.90915pt x 369.88023pt>
File: images/kuka.png Graphic file (type png)
 <use images/kuka.png>
Package pdftex.def Info: images/kuka.png used on input line 9.
(pdftex.def)             Requested size: 303.03433pt x 258.91438pt.

Overfull \hbox (2.43333pt too wide) has occurred while \output is active
[] 
 []

[4 <./images/kuka.png>]
LaTeX Font Info:    Try loading font information for OMS+cmr on input line 29.
 (/usr/share/texlive/texmf-dist/tex/latex/base/omscmr.fd
File: omscmr.fd 1999/05/25 v2.5h Standard LaTeX font definitions
)
LaTeX Font Info:    Font shape `OMS/cmr/m/n' in size <10.95> not available
(Font)              Font shape `OMS/cmsy/m/n' tried instead on input line 29.

Overfull \hbox (2.43333pt too wide) has occurred while \output is active
[] 
 []

[5]) (./software.tex

LaTeX Warning: Citation `webros' on page 6 undefined on input line 4.


LaTeX Warning: Citation `webgazebo' on page 6 undefined on input line 22.

<images/gazebo.png, id=205, 1539.7525pt x 842.14626pt>
File: images/gazebo.png Graphic file (type png)
 <use images/gazebo.png>
Package pdftex.def Info: images/gazebo.png used on input line 26.
(pdftex.def)             Requested size: 360.0pt x 196.88924pt.

Overfull \hbox (2.43333pt too wide) has occurred while \output is active
[] 
 []

[6]

LaTeX Warning: Citation `webkdl' on page 7 undefined on input line 39.

<images/rviz.png, id=214, 1323.94624pt x 879.285pt>
File: images/rviz.png Graphic file (type png)
 <use images/rviz.png>
Package pdftex.def Info: images/rviz.png used on input line 43.
(pdftex.def)             Requested size: 360.0pt x 239.08722pt.

Overfull \hbox (2.43333pt too wide) has occurred while \output is active
[] 
 []

[7 <./images/gazebo.png>]
Overfull \hbox (2.43333pt too wide) has occurred while \output is active
[] 
 []

[8 <./images/rviz.png>]) (./controllers.tex

LaTeX Warning: Citation `siciliano09' undefined on input line 2.


LaTeX Warning: Citation `bicchi13' undefined on input line 2.


LaTeX Warning: Citation `khatib87' on page 9 undefined on input line 18.


Overfull \hbox (2.43333pt too wide) has occurred while \output is active
[] 
 []

[9]
Overfull \hbox (2.57597pt too wide) in paragraph at lines 59--60
 [][] 
 []


Overfull \hbox (2.43333pt too wide) has occurred while \output is active
[] 
 []

[10]

LaTeX Warning: Citation `mansardICAR09' on page 11 undefined on input line 123.



LaTeX Warning: Citation `mansardIEEE09' on page 11 undefined on input line 123.


<images/hik.png, id=258, 702.625pt x 501.875pt>
File: images/hik.png Graphic file (type png)
 <use images/hik.png>
Package pdftex.def Info: images/hik.png used on input line 136.
(pdftex.def)             Requested size: 323.9978pt x 231.43199pt.

<images/plots/invkin.png, id=259, 784.43062pt x 395.22656pt>
File: images/plots/invkin.png Graphic file (type png)

<use images/plots/invkin.png>
Package pdftex.def Info: images/plots/invkin.png used on input line 141.
(pdftex.def)             Requested size: 360.0pt x 181.38426pt.

Overfull \hbox (2.43333pt too wide) has occurred while \output is active
[] 
 []

[11]
Overfull \hbox (2.43333pt too wide) has occurred while \output is active
[] 
 []

[12 <./images/hik.png> <./images/plots/invkin.png>]
<images/hid.png, id=280, 702.625pt x 501.875pt>
File: images/hid.png Graphic file (type png)
 <use images/hid.png>
Package pdftex.def Info: images/hid.png used on input line 192.
(pdftex.def)             Requested size: 323.9978pt x 231.43199pt.

<images/plots/invdyn.png, id=281, 784.43062pt x 395.22656pt>
File: images/plots/invdyn.png Graphic file (type png)

<use images/plots/invdyn.png>
Package pdftex.def Info: images/plots/invdyn.png used on input line 197.
(pdftex.def)             Requested size: 360.0pt x 181.38426pt.

Overfull \hbox (2.43333pt too wide) has occurred while \output is active
[] 
 []

[13]
Overfull \hbox (2.43333pt too wide) has occurred while \output is active
[] 
 []

[14 <./images/hid.png> <./images/plots/invdyn.png>]

LaTeX Warning: Citation `ajoudani13' on page 15 undefined on input line 206.

<images/minimumeffort_rviz.png, id=305, 765.86125pt x 520.94624pt>
File: images/minimumeffort_rviz.png Graphic file (type png)

<use images/minimumeffort_rviz.png>
Package pdftex.def Info: images/minimumeffort_rviz.png used on input line 210.
(pdftex.def)             Requested size: 323.9978pt x 220.38573pt.

<images/plots/minimumeffort_X.png, id=306, 959.83594pt x 445.665pt>
File: images/plots/minimumeffort_X.png Graphic file (type png)

<use images/plots/minimumeffort_X.png>
Package pdftex.def Info: images/plots/minimumeffort_X.png used on input line 21
6.
(pdftex.def)             Requested size: 352.86362pt x 163.84143pt.

<images/plots/minimumeffort_Y.png, id=307, 959.83594pt x 445.665pt>
File: images/plots/minimumeffort_Y.png Graphic file (type png)

<use images/plots/minimumeffort_Y.png>
Package pdftex.def Info: images/plots/minimumeffort_Y.png used on input line 22
1.
(pdftex.def)             Requested size: 352.86362pt x 163.84143pt.

<images/plots/minimumeffort_Z.png, id=308, 959.83594pt x 445.665pt>
File: images/plots/minimumeffort_Z.png Graphic file (type png)

<use images/plots/minimumeffort_Z.png>
Package pdftex.def Info: images/plots/minimumeffort_Z.png used on input line 22
6.
(pdftex.def)             Requested size: 352.86362pt x 163.84143pt.

Overfull \hbox (2.43333pt too wide) has occurred while \output is active
[] 
 []

[15 <./images/minimumeffort_rviz.png>]
Overfull \hbox (2.43333pt too wide) has occurred while \output is active
[] 
 []

[16 <./images/plots/minimumeffort_X.png (PNG copy)> <./images/plots/minimumeffo
rt_Y.png (PNG copy)> <./images/plots/minimumeffort_Z.png (PNG copy)>]
<images/backstepping_rviz.png, id=322, 765.86125pt x 520.94624pt>
File: images/backstepping_rviz.png Graphic file (type png)

<use images/backstepping_rviz.png>
Package pdftex.def Info: images/backstepping_rviz.png used on input line 252.
(pdftex.def)             Requested size: 323.9978pt x 220.38573pt.

Overfull \hbox (10.23502pt too wide) in paragraph at lines 262--264
\OT1/cmr/m/n/10.95 0\OML/cmm/m/it/10.95 ; g\OT1/cmr/m/n/10.95 (\OML/cmm/m/it/10
.95 e\OT1/cmr/m/n/10.95 ) = 1\OML/cmm/m/it/10.95 ; `\OT1/cmr/m/n/10.95 (\OML/cm
m/m/it/10.95 e; t\OT1/cmr/m/n/10.95 ) = \OML/cmm/m/it/10.95 M\OT1/cmr/m/n/10.95
 (\OML/cmm/m/it/10.95 e \OT1/cmr/m/n/10.95 + \OML/cmm/m/it/10.95 q[]\OT1/cmr/m/
n/10.95 )[]$ and $\OML/cmm/m/it/10.95 h\OT1/cmr/m/n/10.95 (\OML/cmm/m/it/10.95 
e; w; t\OT1/cmr/m/n/10.95 ) = \OMS/cmsy/m/n/10.95 ^^@[]\OT1/cmr/m/n/10.95 (\OML
/cmm/m/it/10.95 t\OT1/cmr/m/n/10.95 ) \OMS/cmsy/m/n/10.95 ^^@ \OML/cmm/m/it/10.
95 M[] []$\OT1/cmr/m/n/10.95 .
 []


Overfull \hbox (2.43333pt too wide) has occurred while \output is active
[] 
 []

[17 <./images/backstepping_rviz.png>]
<images/plots/backstepping_X.png, id=334, 959.83594pt x 445.665pt>
File: images/plots/backstepping_X.png Graphic file (type png)

<use images/plots/backstepping_X.png>
Package pdftex.def Info: images/plots/backstepping_X.png used on input line 278
.
(pdftex.def)             Requested size: 352.86362pt x 163.84143pt.

<images/plots/backstepping_Y.png, id=335, 959.83594pt x 445.665pt>
File: images/plots/backstepping_Y.png Graphic file (type png)

<use images/plots/backstepping_Y.png>
Package pdftex.def Info: images/plots/backstepping_Y.png used on input line 283
.
(pdftex.def)             Requested size: 352.86362pt x 163.84143pt.

<images/plots/backstepping_Z.png, id=336, 959.83594pt x 445.665pt>
File: images/plots/backstepping_Z.png Graphic file (type png)

<use images/plots/backstepping_Z.png>
Package pdftex.def Info: images/plots/backstepping_Z.png used on input line 288
.
(pdftex.def)             Requested size: 352.86362pt x 163.84143pt.

Overfull \hbox (2.43333pt too wide) has occurred while \output is active
[] 
 []

[18]

LaTeX Warning: Citation `parravega03' on page 19 undefined on input line 295.


Overfull \hbox (2.43333pt too wide) has occurred while \output is active
[] 
 []

[19 <./images/plots/backstepping_X.png (PNG copy)> <./images/plots/backstepping
_Y.png (PNG copy)> <./images/plots/backstepping_Z.png (PNG copy)>]
<images/plots/slidingmode_j1.png, id=351, 959.83594pt x 445.665pt>
File: images/plots/slidingmode_j1.png Graphic file (type png)

<use images/plots/slidingmode_j1.png>
Package pdftex.def Info: images/plots/slidingmode_j1.png used on input line 324
.
(pdftex.def)             Requested size: 352.86362pt x 163.84143pt.

<images/plots/slidingmode_j3.png, id=352, 959.83594pt x 445.665pt>
File: images/plots/slidingmode_j3.png Graphic file (type png)

<use images/plots/slidingmode_j3.png>
Package pdftex.def Info: images/plots/slidingmode_j3.png used on input line 329
.
(pdftex.def)             Requested size: 352.86362pt x 163.84143pt.

Overfull \hbox (2.43333pt too wide) has occurred while \output is active
[] 
 []

[20]
Overfull \hbox (2.43333pt too wide) has occurred while \output is active
[] 
 []

[21 <./images/plots/slidingmode_j1.png (PNG copy)> <./images/plots/slidingmode_
j3.png (PNG copy)>]) (./issues.tex

LaTeX Warning: Citation `gabiccini09' on page 22 undefined on input line 9.

<images/ros+gazebo.png, id=372, 794.97pt x 614.295pt>
File: images/ros+gazebo.png Graphic file (type png)

<use images/ros+gazebo.png>
Package pdftex.def Info: images/ros+gazebo.png used on input line 13.
(pdftex.def)             Requested size: 476.98569pt x 368.57983pt.

Overfull \hbox (2.43333pt too wide) has occurred while \output is active
[] 
 []

[22]
Overfull \hbox (2.43333pt too wide) has occurred while \output is active
[] 
 []

[23 <./images/ros+gazebo.png>]

LaTeX Warning: Citation `levant06' on page 24 undefined on input line 30.


Overfull \hbox (2.43333pt too wide) has occurred while \output is active
[] 
 []

[24]) (./conclusions.tex
Overfull \hbox (2.43333pt too wide) has occurred while \output is active
[] 
 []

[25])
No file MS42.bbl.
Package atveryend Info: Empty hook `BeforeClearDocument' on input line 114.
Package atveryend Info: Empty hook `AfterLastShipout' on input line 114.
(./MS42.aux)
Package atveryend Info: Executing hook `AtVeryEndDocument' on input line 114.
Package atveryend Info: Executing hook `AtEndAfterFileList' on input line 114.
Package rerunfilecheck Info: File `MS42.out' has not changed.
(rerunfilecheck)             Checksum: 1A472A0B2EFAA6A142D7B102C2B51168;2178.


LaTeX Warning: There were undefined references.

Package atveryend Info: Empty hook `AtVeryVeryEnd' on input line 114.
 ) 
Here is how much of TeX's memory you used:
 18483 strings out of 494976
 346554 string characters out of 6180007
 445938 words of memory out of 5000000
 21193 multiletter control sequences out of 15000+600000
 19615 words of font info for 68 fonts, out of 8000000 for 9000
 36 hyphenation exceptions out of 8191
 56i,14n,56p,931b,715s stack positions out of 5000i,500n,10000p,200000b,80000s
{/usr/share/texlive/texmf-dist/fonts/enc/dvips/base/8r.enc}</usr/share/texliv
e/texmf-dist/fonts/type1/public/amsfonts/cm/cmbx10.pfb></usr/share/texlive/texm
f-dist/fonts/type1/public/amsfonts/cm/cmbx12.pfb></usr/share/texlive/texmf-dist
/fonts/type1/public/amsfonts/cm/cmbx9.pfb></usr/share/texlive/texmf-dist/fonts/
type1/public/amsfonts/cm/cmex10.pfb></usr/share/texlive/texmf-dist/fonts/type1/
public/amsfonts/cm/cmmi10.pfb></usr/share/texlive/texmf-dist/fonts/type1/public
/amsfonts/cm/cmmi6.pfb></usr/share/texlive/texmf-dist/fonts/type1/public/amsfon
ts/cm/cmmi8.pfb></usr/share/texlive/texmf-dist/fonts/type1/public/amsfonts/cm/c
mr10.pfb></usr/share/texlive/texmf-dist/fonts/type1/public/amsfonts/cm/cmr12.pf
b></usr/share/texlive/texmf-dist/fonts/type1/public/amsfonts/cm/cmr17.pfb></usr
/share/texlive/texmf-dist/fonts/type1/public/amsfonts/cm/cmr6.pfb></usr/share/t
exlive/texmf-dist/fonts/type1/public/amsfonts/cm/cmr8.pfb></usr/share/texlive/t
exmf-dist/fonts/type1/public/amsfonts/cm/cmr9.pfb></usr/share/texlive/texmf-dis
t/fonts/type1/public/amsfonts/cm/cmsl10.pfb></usr/share/texlive/texmf-dist/font
s/type1/public/amsfonts/cm/cmsl9.pfb></usr/share/texlive/texmf-dist/fonts/type1
/public/amsfonts/cm/cmsy10.pfb></usr/share/texlive/texmf-dist/fonts/type1/publi
c/amsfonts/cm/cmsy8.pfb></usr/share/texlive/texmf-dist/fonts/type1/public/amsfo
nts/cm/cmti10.pfb></usr/share/texlive/texmf-dist/fonts/type1/public/amsfonts/cm
/cmtt10.pfb></usr/share/texlive/texmf-dist/fonts/type1/public/amsfonts/cm/cmtt9
.pfb></usr/share/texlive/texmf-dist/fonts/type1/public/amsfonts/symbols/msbm10.
pfb></usr/share/texlive/texmf-dist/fonts/type1/urw/helvetic/uhvr8a.pfb>
Output written on MS42.pdf (25 pages, 3841697 bytes).
PDF statistics:
 498 PDF objects out of 1000 (max. 8388607)
 416 compressed objects within 5 object streams
 117 named destinations out of 1000 (max. 500000)
 348 words of extra memory for PDF output out of 10000 (max. 10000000)

